20/09/16 14:14:48 WARN NativeCodeLoader: Unable to load native-hadoop library for your platform... using builtin-java classes where applicable
20/09/16 14:14:51 INFO SparkContext: Running Spark version 2.4.5
20/09/16 14:14:51 INFO SparkContext: Submitted application: sparklyr
20/09/16 14:14:52 INFO SecurityManager: Changing view acls to: davidwright
20/09/16 14:14:52 INFO SecurityManager: Changing modify acls to: davidwright
20/09/16 14:14:52 INFO SecurityManager: Changing view acls groups to: 
20/09/16 14:14:52 INFO SecurityManager: Changing modify acls groups to: 
20/09/16 14:14:52 INFO SecurityManager: SecurityManager: authentication disabled; ui acls disabled; users  with view permissions: Set(davidwright); groups with view permissions: Set(); users  with modify permissions: Set(davidwright); groups with modify permissions: Set()
20/09/16 14:14:52 INFO Utils: Successfully started service 'sparkDriver' on port 52455.
20/09/16 14:14:52 INFO SparkEnv: Registering MapOutputTracker
20/09/16 14:14:52 INFO SparkEnv: Registering BlockManagerMaster
20/09/16 14:14:52 INFO BlockManagerMasterEndpoint: Using org.apache.spark.storage.DefaultTopologyMapper for getting topology information
20/09/16 14:14:52 INFO BlockManagerMasterEndpoint: BlockManagerMasterEndpoint up
20/09/16 14:14:52 INFO DiskBlockManager: Created local directory at /private/var/folders/5c/t_ytyd8d7c3_k4fywwmjzdgh0000gn/T/blockmgr-6f13365c-d420-417b-8249-5598e06c23a7
20/09/16 14:14:53 INFO MemoryStore: MemoryStore started with capacity 912.3 MB
20/09/16 14:14:53 INFO SparkEnv: Registering OutputCommitCoordinator
20/09/16 14:14:54 INFO Utils: Successfully started service 'SparkUI' on port 4040.
20/09/16 14:14:54 INFO SparkUI: Bound SparkUI to 127.0.0.1, and started at http://localhost:4040
20/09/16 14:14:54 INFO SparkContext: Added JAR file:/Library/Frameworks/R.framework/Versions/3.6/Resources/library/sparklyr/java/sparklyr-2.4-2.11.jar at spark://localhost:52455/jars/sparklyr-2.4-2.11.jar with timestamp 1600262094611
20/09/16 14:14:54 INFO Executor: Starting executor ID driver on host localhost
20/09/16 14:14:55 INFO Utils: Successfully started service 'org.apache.spark.network.netty.NettyBlockTransferService' on port 52456.
20/09/16 14:14:55 INFO NettyBlockTransferService: Server created on localhost:52456
20/09/16 14:14:55 INFO BlockManager: Using org.apache.spark.storage.RandomBlockReplicationPolicy for block replication policy
20/09/16 14:14:55 INFO BlockManagerMaster: Registering BlockManager BlockManagerId(driver, localhost, 52456, None)
20/09/16 14:14:55 INFO BlockManagerMasterEndpoint: Registering block manager localhost:52456 with 912.3 MB RAM, BlockManagerId(driver, localhost, 52456, None)
20/09/16 14:14:55 INFO BlockManagerMaster: Registered BlockManager BlockManagerId(driver, localhost, 52456, None)
20/09/16 14:14:55 INFO BlockManager: Initialized BlockManager: BlockManagerId(driver, localhost, 52456, None)
20/09/16 14:14:56 INFO SharedState: loading hive config file: file:/Users/davidwright/spark/spark-2.4.5-bin-hadoop2.7/conf/hive-site.xml
20/09/16 14:14:56 INFO SharedState: Setting hive.metastore.warehouse.dir ('null') to the value of spark.sql.warehouse.dir ('file:/Users/davidwright/codeclan_homework_davidw/week_11/day_5/week_11_day_5_hw/spark-warehouse').
20/09/16 14:14:56 INFO SharedState: Warehouse path is 'file:/Users/davidwright/codeclan_homework_davidw/week_11/day_5/week_11_day_5_hw/spark-warehouse'.
20/09/16 14:14:59 INFO StateStoreCoordinatorRef: Registered StateStoreCoordinator endpoint
20/09/16 14:15:06 INFO HiveUtils: Initializing HiveMetastoreConnection version 1.2.1 using Spark classes.
20/09/16 14:15:08 INFO HiveMetaStore: 0: Opening raw store with implemenation class:org.apache.hadoop.hive.metastore.ObjectStore
20/09/16 14:15:08 INFO ObjectStore: ObjectStore, initialize called
20/09/16 14:15:09 INFO Persistence: Property hive.metastore.integral.jdo.pushdown unknown - will be ignored
20/09/16 14:15:09 INFO Persistence: Property datanucleus.cache.level2 unknown - will be ignored
20/09/16 14:15:14 INFO ObjectStore: Setting MetaStore object pin classes with hive.metastore.cache.pinobjtypes="Table,StorageDescriptor,SerDeInfo,Partition,Database,Type,FieldSchema,Order"
20/09/16 14:15:18 INFO Datastore: The class "org.apache.hadoop.hive.metastore.model.MFieldSchema" is tagged as "embedded-only" so does not have its own datastore table.
20/09/16 14:15:18 INFO Datastore: The class "org.apache.hadoop.hive.metastore.model.MOrder" is tagged as "embedded-only" so does not have its own datastore table.
20/09/16 14:15:24 INFO Datastore: The class "org.apache.hadoop.hive.metastore.model.MFieldSchema" is tagged as "embedded-only" so does not have its own datastore table.
20/09/16 14:15:24 INFO Datastore: The class "org.apache.hadoop.hive.metastore.model.MOrder" is tagged as "embedded-only" so does not have its own datastore table.
20/09/16 14:15:26 INFO MetaStoreDirectSql: Using direct SQL, underlying DB is DERBY
20/09/16 14:15:26 INFO ObjectStore: Initialized ObjectStore
20/09/16 14:15:26 WARN ObjectStore: Version information not found in metastore. hive.metastore.schema.verification is not enabled so recording the schema version 1.2.0
20/09/16 14:15:27 WARN ObjectStore: Failed to get database default, returning NoSuchObjectException
20/09/16 14:15:27 INFO HiveMetaStore: Added admin role in metastore
20/09/16 14:15:28 INFO HiveMetaStore: Added public role in metastore
20/09/16 14:15:28 INFO HiveMetaStore: No user is added in admin role, since config is empty
20/09/16 14:15:29 INFO HiveMetaStore: 0: get_all_databases
20/09/16 14:15:29 INFO audit: ugi=davidwright	ip=unknown-ip-addr	cmd=get_all_databases	
20/09/16 14:15:29 INFO HiveMetaStore: 0: get_functions: db=default pat=*
20/09/16 14:15:29 INFO audit: ugi=davidwright	ip=unknown-ip-addr	cmd=get_functions: db=default pat=*	
20/09/16 14:15:29 INFO Datastore: The class "org.apache.hadoop.hive.metastore.model.MResourceUri" is tagged as "embedded-only" so does not have its own datastore table.
20/09/16 14:15:29 INFO SessionState: Created HDFS directory: /tmp/hive/davidwright
20/09/16 14:15:30 INFO SessionState: Created local directory: /var/folders/5c/t_ytyd8d7c3_k4fywwmjzdgh0000gn/T/davidwright
20/09/16 14:15:30 INFO SessionState: Created local directory: /var/folders/5c/t_ytyd8d7c3_k4fywwmjzdgh0000gn/T/8d09fbc4-4a71-4942-b0b0-838af90f9435_resources
20/09/16 14:15:30 INFO SessionState: Created HDFS directory: /tmp/hive/davidwright/8d09fbc4-4a71-4942-b0b0-838af90f9435
20/09/16 14:15:30 INFO SessionState: Created local directory: /var/folders/5c/t_ytyd8d7c3_k4fywwmjzdgh0000gn/T/davidwright/8d09fbc4-4a71-4942-b0b0-838af90f9435
20/09/16 14:15:30 INFO SessionState: Created HDFS directory: /tmp/hive/davidwright/8d09fbc4-4a71-4942-b0b0-838af90f9435/_tmp_space.db
20/09/16 14:15:30 INFO HiveClientImpl: Warehouse location for Hive client (version 1.2.2) is file:/Users/davidwright/codeclan_homework_davidw/week_11/day_5/week_11_day_5_hw/spark-warehouse
20/09/16 14:15:30 INFO HiveMetaStore: 0: get_database: default
20/09/16 14:15:30 INFO audit: ugi=davidwright	ip=unknown-ip-addr	cmd=get_database: default	
20/09/16 14:15:30 INFO HiveMetaStore: 0: get_database: global_temp
20/09/16 14:15:30 INFO audit: ugi=davidwright	ip=unknown-ip-addr	cmd=get_database: global_temp	
20/09/16 14:15:30 WARN ObjectStore: Failed to get database global_temp, returning NoSuchObjectException
20/09/16 14:15:30 INFO HiveMetaStore: 0: get_database: default
20/09/16 14:15:30 INFO audit: ugi=davidwright	ip=unknown-ip-addr	cmd=get_database: default	
20/09/16 14:15:30 INFO HiveMetaStore: 0: get_database: default
20/09/16 14:15:30 INFO audit: ugi=davidwright	ip=unknown-ip-addr	cmd=get_database: default	
20/09/16 14:15:30 INFO HiveMetaStore: 0: get_tables: db=default pat=*
20/09/16 14:15:30 INFO audit: ugi=davidwright	ip=unknown-ip-addr	cmd=get_tables: db=default pat=*	
20/09/16 14:15:32 INFO SparkContext: Starting job: collect at utils.scala:44
20/09/16 14:15:32 INFO DAGScheduler: Got job 0 (collect at utils.scala:44) with 1 output partitions
20/09/16 14:15:32 INFO DAGScheduler: Final stage: ResultStage 0 (collect at utils.scala:44)
20/09/16 14:15:32 INFO DAGScheduler: Parents of final stage: List()
20/09/16 14:15:32 INFO DAGScheduler: Missing parents: List()
20/09/16 14:15:32 INFO DAGScheduler: Submitting ResultStage 0 (MapPartitionsRDD[5] at map at utils.scala:41), which has no missing parents
20/09/16 14:15:33 INFO MemoryStore: Block broadcast_0 stored as values in memory (estimated size 7.1 KB, free 912.3 MB)
20/09/16 14:15:33 INFO MemoryStore: Block broadcast_0_piece0 stored as bytes in memory (estimated size 4.1 KB, free 912.3 MB)
20/09/16 14:15:33 INFO BlockManagerInfo: Added broadcast_0_piece0 in memory on localhost:52456 (size: 4.1 KB, free: 912.3 MB)
20/09/16 14:15:33 INFO SparkContext: Created broadcast 0 from broadcast at DAGScheduler.scala:1163
20/09/16 14:15:33 INFO DAGScheduler: Submitting 1 missing tasks from ResultStage 0 (MapPartitionsRDD[5] at map at utils.scala:41) (first 15 tasks are for partitions Vector(0))
20/09/16 14:15:33 INFO TaskSchedulerImpl: Adding task set 0.0 with 1 tasks
20/09/16 14:15:33 INFO TaskSetManager: Starting task 0.0 in stage 0.0 (TID 0, localhost, executor driver, partition 0, PROCESS_LOCAL, 7893 bytes)
20/09/16 14:15:33 INFO Executor: Running task 0.0 in stage 0.0 (TID 0)
20/09/16 14:15:33 INFO Executor: Fetching spark://localhost:52455/jars/sparklyr-2.4-2.11.jar with timestamp 1600262094611
20/09/16 14:15:34 INFO TransportClientFactory: Successfully created connection to localhost/127.0.0.1:52455 after 51 ms (0 ms spent in bootstraps)
20/09/16 14:15:34 INFO Utils: Fetching spark://localhost:52455/jars/sparklyr-2.4-2.11.jar to /private/var/folders/5c/t_ytyd8d7c3_k4fywwmjzdgh0000gn/T/spark-09534876-5e5a-4dca-bdab-434ef535fd65/userFiles-45ef32dc-0937-472f-84c0-1a0f1145e449/fetchFileTemp5131664202481207056.tmp
20/09/16 14:15:34 INFO Executor: Adding file:/private/var/folders/5c/t_ytyd8d7c3_k4fywwmjzdgh0000gn/T/spark-09534876-5e5a-4dca-bdab-434ef535fd65/userFiles-45ef32dc-0937-472f-84c0-1a0f1145e449/sparklyr-2.4-2.11.jar to class loader
20/09/16 14:15:36 INFO CodeGenerator: Code generated in 1352.791915 ms
20/09/16 14:15:36 INFO Executor: Finished task 0.0 in stage 0.0 (TID 0). 1013 bytes result sent to driver
20/09/16 14:15:36 INFO TaskSetManager: Finished task 0.0 in stage 0.0 (TID 0) in 3047 ms on localhost (executor driver) (1/1)
20/09/16 14:15:36 INFO TaskSchedulerImpl: Removed TaskSet 0.0, whose tasks have all completed, from pool 
20/09/16 14:15:36 INFO DAGScheduler: ResultStage 0 (collect at utils.scala:44) finished in 4.038 s
20/09/16 14:15:37 INFO DAGScheduler: Job 0 finished: collect at utils.scala:44, took 4.759120 s
20/09/16 14:15:40 INFO CodeGenerator: Code generated in 63.389916 ms
20/09/16 14:15:40 INFO CodeGenerator: Code generated in 75.485154 ms
20/09/16 14:15:40 INFO SparkContext: Starting job: sql at NativeMethodAccessorImpl.java:0
20/09/16 14:15:40 INFO DAGScheduler: Registering RDD 14 (sql at NativeMethodAccessorImpl.java:0) as input to shuffle 0
20/09/16 14:15:40 INFO DAGScheduler: Got job 1 (sql at NativeMethodAccessorImpl.java:0) with 1 output partitions
20/09/16 14:15:40 INFO DAGScheduler: Final stage: ResultStage 2 (sql at NativeMethodAccessorImpl.java:0)
20/09/16 14:15:40 INFO DAGScheduler: Parents of final stage: List(ShuffleMapStage 1)
20/09/16 14:15:40 INFO DAGScheduler: Missing parents: List(ShuffleMapStage 1)
20/09/16 14:15:40 INFO DAGScheduler: Submitting ShuffleMapStage 1 (MapPartitionsRDD[14] at sql at NativeMethodAccessorImpl.java:0), which has no missing parents
20/09/16 14:15:40 INFO MemoryStore: Block broadcast_1 stored as values in memory (estimated size 30.4 KB, free 912.3 MB)
20/09/16 14:15:40 INFO MemoryStore: Block broadcast_1_piece0 stored as bytes in memory (estimated size 12.8 KB, free 912.2 MB)
20/09/16 14:15:40 INFO BlockManagerInfo: Added broadcast_1_piece0 in memory on localhost:52456 (size: 12.8 KB, free: 912.3 MB)
20/09/16 14:15:40 INFO SparkContext: Created broadcast 1 from broadcast at DAGScheduler.scala:1163
20/09/16 14:15:40 INFO DAGScheduler: Submitting 1 missing tasks from ShuffleMapStage 1 (MapPartitionsRDD[14] at sql at NativeMethodAccessorImpl.java:0) (first 15 tasks are for partitions Vector(0))
20/09/16 14:15:40 INFO TaskSchedulerImpl: Adding task set 1.0 with 1 tasks
20/09/16 14:15:40 INFO TaskSetManager: Starting task 0.0 in stage 1.0 (TID 1, localhost, executor driver, partition 0, PROCESS_LOCAL, 9157 bytes)
20/09/16 14:15:40 INFO Executor: Running task 0.0 in stage 1.0 (TID 1)
20/09/16 14:15:40 INFO CodeGenerator: Code generated in 104.541753 ms
20/09/16 14:15:41 INFO CodeGenerator: Code generated in 246.87999 ms
20/09/16 14:15:41 INFO MemoryStore: Block rdd_10_0 stored as values in memory (estimated size 4.2 KB, free 912.2 MB)
20/09/16 14:15:41 INFO BlockManagerInfo: Added rdd_10_0 in memory on localhost:52456 (size: 4.2 KB, free: 912.3 MB)
20/09/16 14:15:41 INFO CodeGenerator: Code generated in 18.730314 ms
20/09/16 14:15:41 INFO Executor: Finished task 0.0 in stage 1.0 (TID 1). 2018 bytes result sent to driver
20/09/16 14:15:41 INFO TaskSetManager: Finished task 0.0 in stage 1.0 (TID 1) in 1031 ms on localhost (executor driver) (1/1)
20/09/16 14:15:41 INFO TaskSchedulerImpl: Removed TaskSet 1.0, whose tasks have all completed, from pool 
20/09/16 14:15:41 INFO DAGScheduler: ShuffleMapStage 1 (sql at NativeMethodAccessorImpl.java:0) finished in 1.089 s
20/09/16 14:15:41 INFO DAGScheduler: looking for newly runnable stages
20/09/16 14:15:41 INFO DAGScheduler: running: Set()
20/09/16 14:15:41 INFO DAGScheduler: waiting: Set(ResultStage 2)
20/09/16 14:15:41 INFO DAGScheduler: failed: Set()
20/09/16 14:15:41 INFO DAGScheduler: Submitting ResultStage 2 (MapPartitionsRDD[17] at sql at NativeMethodAccessorImpl.java:0), which has no missing parents
20/09/16 14:15:41 INFO MemoryStore: Block broadcast_2 stored as values in memory (estimated size 7.3 KB, free 912.2 MB)
20/09/16 14:15:41 INFO MemoryStore: Block broadcast_2_piece0 stored as bytes in memory (estimated size 3.9 KB, free 912.2 MB)
20/09/16 14:15:41 INFO BlockManagerInfo: Added broadcast_2_piece0 in memory on localhost:52456 (size: 3.9 KB, free: 912.3 MB)
20/09/16 14:15:41 INFO SparkContext: Created broadcast 2 from broadcast at DAGScheduler.scala:1163
20/09/16 14:15:41 INFO DAGScheduler: Submitting 1 missing tasks from ResultStage 2 (MapPartitionsRDD[17] at sql at NativeMethodAccessorImpl.java:0) (first 15 tasks are for partitions Vector(0))
20/09/16 14:15:41 INFO TaskSchedulerImpl: Adding task set 2.0 with 1 tasks
20/09/16 14:15:41 INFO TaskSetManager: Starting task 0.0 in stage 2.0 (TID 2, localhost, executor driver, partition 0, NODE_LOCAL, 7767 bytes)
20/09/16 14:15:41 INFO Executor: Running task 0.0 in stage 2.0 (TID 2)
20/09/16 14:15:41 INFO ShuffleBlockFetcherIterator: Getting 1 non-empty blocks including 1 local blocks and 0 remote blocks
20/09/16 14:15:41 INFO ShuffleBlockFetcherIterator: Started 0 remote fetches in 41 ms
20/09/16 14:15:41 INFO Executor: Finished task 0.0 in stage 2.0 (TID 2). 1782 bytes result sent to driver
20/09/16 14:15:41 INFO TaskSetManager: Finished task 0.0 in stage 2.0 (TID 2) in 160 ms on localhost (executor driver) (1/1)
20/09/16 14:15:41 INFO TaskSchedulerImpl: Removed TaskSet 2.0, whose tasks have all completed, from pool 
20/09/16 14:15:41 INFO DAGScheduler: ResultStage 2 (sql at NativeMethodAccessorImpl.java:0) finished in 0.186 s
20/09/16 14:15:41 INFO DAGScheduler: Job 1 finished: sql at NativeMethodAccessorImpl.java:0, took 1.333743 s
20/09/16 14:15:42 INFO CodeGenerator: Code generated in 21.064495 ms
20/09/16 14:15:42 INFO SparkContext: Starting job: collect at utils.scala:114
20/09/16 14:15:42 INFO DAGScheduler: Registering RDD 21 (collect at utils.scala:114) as input to shuffle 1
20/09/16 14:15:42 INFO DAGScheduler: Got job 2 (collect at utils.scala:114) with 1 output partitions
20/09/16 14:15:42 INFO DAGScheduler: Final stage: ResultStage 4 (collect at utils.scala:114)
20/09/16 14:15:42 INFO DAGScheduler: Parents of final stage: List(ShuffleMapStage 3)
20/09/16 14:15:42 INFO DAGScheduler: Missing parents: List(ShuffleMapStage 3)
20/09/16 14:15:42 INFO DAGScheduler: Submitting ShuffleMapStage 3 (MapPartitionsRDD[21] at collect at utils.scala:114), which has no missing parents
20/09/16 14:15:42 INFO MemoryStore: Block broadcast_3 stored as values in memory (estimated size 30.4 KB, free 912.2 MB)
20/09/16 14:15:42 INFO MemoryStore: Block broadcast_3_piece0 stored as bytes in memory (estimated size 12.8 KB, free 912.2 MB)
20/09/16 14:15:42 INFO BlockManagerInfo: Added broadcast_3_piece0 in memory on localhost:52456 (size: 12.8 KB, free: 912.3 MB)
20/09/16 14:15:42 INFO SparkContext: Created broadcast 3 from broadcast at DAGScheduler.scala:1163
20/09/16 14:15:42 INFO DAGScheduler: Submitting 1 missing tasks from ShuffleMapStage 3 (MapPartitionsRDD[21] at collect at utils.scala:114) (first 15 tasks are for partitions Vector(0))
20/09/16 14:15:42 INFO TaskSchedulerImpl: Adding task set 3.0 with 1 tasks
20/09/16 14:15:42 INFO TaskSetManager: Starting task 0.0 in stage 3.0 (TID 3, localhost, executor driver, partition 0, PROCESS_LOCAL, 9157 bytes)
20/09/16 14:15:42 INFO Executor: Running task 0.0 in stage 3.0 (TID 3)
20/09/16 14:15:42 INFO BlockManager: Found block rdd_10_0 locally
20/09/16 14:15:42 INFO Executor: Finished task 0.0 in stage 3.0 (TID 3). 2061 bytes result sent to driver
20/09/16 14:15:42 INFO TaskSetManager: Finished task 0.0 in stage 3.0 (TID 3) in 30 ms on localhost (executor driver) (1/1)
20/09/16 14:15:42 INFO TaskSchedulerImpl: Removed TaskSet 3.0, whose tasks have all completed, from pool 
20/09/16 14:15:42 INFO DAGScheduler: ShuffleMapStage 3 (collect at utils.scala:114) finished in 0.053 s
20/09/16 14:15:42 INFO DAGScheduler: looking for newly runnable stages
20/09/16 14:15:42 INFO DAGScheduler: running: Set()
20/09/16 14:15:42 INFO DAGScheduler: waiting: Set(ResultStage 4)
20/09/16 14:15:42 INFO DAGScheduler: failed: Set()
20/09/16 14:15:42 INFO DAGScheduler: Submitting ResultStage 4 (MapPartitionsRDD[24] at collect at utils.scala:114), which has no missing parents
20/09/16 14:15:42 INFO MemoryStore: Block broadcast_4 stored as values in memory (estimated size 7.3 KB, free 912.2 MB)
20/09/16 14:15:42 INFO MemoryStore: Block broadcast_4_piece0 stored as bytes in memory (estimated size 3.9 KB, free 912.2 MB)
20/09/16 14:15:42 INFO BlockManagerInfo: Added broadcast_4_piece0 in memory on localhost:52456 (size: 3.9 KB, free: 912.3 MB)
20/09/16 14:15:42 INFO SparkContext: Created broadcast 4 from broadcast at DAGScheduler.scala:1163
20/09/16 14:15:42 INFO DAGScheduler: Submitting 1 missing tasks from ResultStage 4 (MapPartitionsRDD[24] at collect at utils.scala:114) (first 15 tasks are for partitions Vector(0))
20/09/16 14:15:42 INFO TaskSchedulerImpl: Adding task set 4.0 with 1 tasks
20/09/16 14:15:42 INFO TaskSetManager: Starting task 0.0 in stage 4.0 (TID 4, localhost, executor driver, partition 0, NODE_LOCAL, 7767 bytes)
20/09/16 14:15:42 INFO Executor: Running task 0.0 in stage 4.0 (TID 4)
20/09/16 14:15:42 INFO ShuffleBlockFetcherIterator: Getting 1 non-empty blocks including 1 local blocks and 0 remote blocks
20/09/16 14:15:42 INFO ShuffleBlockFetcherIterator: Started 0 remote fetches in 1 ms
20/09/16 14:15:42 INFO Executor: Finished task 0.0 in stage 4.0 (TID 4). 1782 bytes result sent to driver
20/09/16 14:15:42 INFO TaskSetManager: Finished task 0.0 in stage 4.0 (TID 4) in 10 ms on localhost (executor driver) (1/1)
20/09/16 14:15:42 INFO TaskSchedulerImpl: Removed TaskSet 4.0, whose tasks have all completed, from pool 
20/09/16 14:15:42 INFO DAGScheduler: ResultStage 4 (collect at utils.scala:114) finished in 0.025 s
20/09/16 14:15:42 INFO DAGScheduler: Job 2 finished: collect at utils.scala:114, took 0.092097 s
20/09/16 14:15:42 INFO CodeGenerator: Code generated in 43.260825 ms
20/09/16 14:15:42 INFO CodeGenerator: Code generated in 55.023155 ms
20/09/16 14:15:43 INFO SparkContext: Starting job: count at utils.scala:114
20/09/16 14:15:43 INFO DAGScheduler: Registering RDD 28 (count at utils.scala:114) as input to shuffle 2
20/09/16 14:15:43 INFO DAGScheduler: Got job 3 (count at utils.scala:114) with 1 output partitions
20/09/16 14:15:43 INFO DAGScheduler: Final stage: ResultStage 6 (count at utils.scala:114)
20/09/16 14:15:43 INFO DAGScheduler: Parents of final stage: List(ShuffleMapStage 5)
20/09/16 14:15:43 INFO DAGScheduler: Missing parents: List(ShuffleMapStage 5)
20/09/16 14:15:43 INFO DAGScheduler: Submitting ShuffleMapStage 5 (MapPartitionsRDD[28] at count at utils.scala:114), which has no missing parents
20/09/16 14:15:43 INFO MemoryStore: Block broadcast_5 stored as values in memory (estimated size 27.8 KB, free 912.2 MB)
20/09/16 14:15:43 INFO MemoryStore: Block broadcast_5_piece0 stored as bytes in memory (estimated size 11.8 KB, free 912.1 MB)
20/09/16 14:15:43 INFO BlockManagerInfo: Added broadcast_5_piece0 in memory on localhost:52456 (size: 11.8 KB, free: 912.2 MB)
20/09/16 14:15:43 INFO SparkContext: Created broadcast 5 from broadcast at DAGScheduler.scala:1163
20/09/16 14:15:43 INFO DAGScheduler: Submitting 1 missing tasks from ShuffleMapStage 5 (MapPartitionsRDD[28] at count at utils.scala:114) (first 15 tasks are for partitions Vector(0))
20/09/16 14:15:43 INFO TaskSchedulerImpl: Adding task set 5.0 with 1 tasks
20/09/16 14:15:43 INFO TaskSetManager: Starting task 0.0 in stage 5.0 (TID 5, localhost, executor driver, partition 0, PROCESS_LOCAL, 9157 bytes)
20/09/16 14:15:43 INFO Executor: Running task 0.0 in stage 5.0 (TID 5)
20/09/16 14:15:43 INFO BlockManager: Found block rdd_10_0 locally
20/09/16 14:15:43 INFO Executor: Finished task 0.0 in stage 5.0 (TID 5). 2061 bytes result sent to driver
20/09/16 14:15:43 INFO TaskSetManager: Finished task 0.0 in stage 5.0 (TID 5) in 21 ms on localhost (executor driver) (1/1)
20/09/16 14:15:43 INFO TaskSchedulerImpl: Removed TaskSet 5.0, whose tasks have all completed, from pool 
20/09/16 14:15:43 INFO DAGScheduler: ShuffleMapStage 5 (count at utils.scala:114) finished in 0.040 s
20/09/16 14:15:43 INFO DAGScheduler: looking for newly runnable stages
20/09/16 14:15:43 INFO DAGScheduler: running: Set()
20/09/16 14:15:43 INFO DAGScheduler: waiting: Set(ResultStage 6)
20/09/16 14:15:43 INFO DAGScheduler: failed: Set()
20/09/16 14:15:43 INFO DAGScheduler: Submitting ResultStage 6 (MapPartitionsRDD[31] at count at utils.scala:114), which has no missing parents
20/09/16 14:15:43 INFO MemoryStore: Block broadcast_6 stored as values in memory (estimated size 9.3 KB, free 912.1 MB)
20/09/16 14:15:43 INFO MemoryStore: Block broadcast_6_piece0 stored as bytes in memory (estimated size 4.2 KB, free 912.1 MB)
20/09/16 14:15:43 INFO BlockManagerInfo: Added broadcast_6_piece0 in memory on localhost:52456 (size: 4.2 KB, free: 912.2 MB)
20/09/16 14:15:43 INFO SparkContext: Created broadcast 6 from broadcast at DAGScheduler.scala:1163
20/09/16 14:15:43 INFO DAGScheduler: Submitting 1 missing tasks from ResultStage 6 (MapPartitionsRDD[31] at count at utils.scala:114) (first 15 tasks are for partitions Vector(0))
20/09/16 14:15:43 INFO TaskSchedulerImpl: Adding task set 6.0 with 1 tasks
20/09/16 14:15:43 INFO TaskSetManager: Starting task 0.0 in stage 6.0 (TID 6, localhost, executor driver, partition 0, NODE_LOCAL, 7767 bytes)
20/09/16 14:15:43 INFO Executor: Running task 0.0 in stage 6.0 (TID 6)
20/09/16 14:15:43 INFO ShuffleBlockFetcherIterator: Getting 1 non-empty blocks including 1 local blocks and 0 remote blocks
20/09/16 14:15:43 INFO ShuffleBlockFetcherIterator: Started 0 remote fetches in 0 ms
20/09/16 14:15:43 INFO Executor: Finished task 0.0 in stage 6.0 (TID 6). 2141 bytes result sent to driver
20/09/16 14:15:43 INFO TaskSetManager: Finished task 0.0 in stage 6.0 (TID 6) in 13 ms on localhost (executor driver) (1/1)
20/09/16 14:15:43 INFO TaskSchedulerImpl: Removed TaskSet 6.0, whose tasks have all completed, from pool 
20/09/16 14:15:43 INFO DAGScheduler: ResultStage 6 (count at utils.scala:114) finished in 0.025 s
20/09/16 14:15:43 INFO DAGScheduler: Job 3 finished: count at utils.scala:114, took 0.074314 s
20/09/16 14:15:43 INFO HiveMetaStore: 0: get_database: default
20/09/16 14:15:43 INFO audit: ugi=davidwright	ip=unknown-ip-addr	cmd=get_database: default	
20/09/16 14:15:43 INFO HiveMetaStore: 0: get_database: default
20/09/16 14:15:43 INFO audit: ugi=davidwright	ip=unknown-ip-addr	cmd=get_database: default	
20/09/16 14:15:43 INFO HiveMetaStore: 0: get_tables: db=default pat=*
20/09/16 14:15:43 INFO audit: ugi=davidwright	ip=unknown-ip-addr	cmd=get_tables: db=default pat=*	
20/09/16 14:15:43 INFO CodeGenerator: Code generated in 32.92681 ms
20/09/16 14:15:44 INFO CodeGenerator: Code generated in 30.881077 ms
20/09/16 14:15:44 INFO CodeGenerator: Code generated in 60.655151 ms
20/09/16 14:15:44 INFO CodeGenerator: Code generated in 92.614339 ms
20/09/16 14:15:44 INFO SparkContext: Starting job: count at utils.scala:114
20/09/16 14:15:44 INFO DAGScheduler: Registering RDD 35 (count at utils.scala:114) as input to shuffle 3
20/09/16 14:15:44 INFO DAGScheduler: Got job 4 (count at utils.scala:114) with 1 output partitions
20/09/16 14:15:44 INFO DAGScheduler: Final stage: ResultStage 8 (count at utils.scala:114)
20/09/16 14:15:44 INFO DAGScheduler: Parents of final stage: List(ShuffleMapStage 7)
20/09/16 14:15:44 INFO DAGScheduler: Missing parents: List(ShuffleMapStage 7)
20/09/16 14:15:44 INFO DAGScheduler: Submitting ShuffleMapStage 7 (MapPartitionsRDD[35] at count at utils.scala:114), which has no missing parents
20/09/16 14:15:44 INFO MemoryStore: Block broadcast_7 stored as values in memory (estimated size 8.0 KB, free 912.1 MB)
20/09/16 14:15:44 INFO MemoryStore: Block broadcast_7_piece0 stored as bytes in memory (estimated size 4.3 KB, free 912.1 MB)
20/09/16 14:15:44 INFO BlockManagerInfo: Added broadcast_7_piece0 in memory on localhost:52456 (size: 4.3 KB, free: 912.2 MB)
20/09/16 14:15:44 INFO SparkContext: Created broadcast 7 from broadcast at DAGScheduler.scala:1163
20/09/16 14:15:44 INFO DAGScheduler: Submitting 1 missing tasks from ShuffleMapStage 7 (MapPartitionsRDD[35] at count at utils.scala:114) (first 15 tasks are for partitions Vector(0))
20/09/16 14:15:44 INFO TaskSchedulerImpl: Adding task set 7.0 with 1 tasks
20/09/16 14:15:44 INFO TaskSetManager: Starting task 0.0 in stage 7.0 (TID 7, localhost, executor driver, partition 0, PROCESS_LOCAL, 8017 bytes)
20/09/16 14:15:44 INFO Executor: Running task 0.0 in stage 7.0 (TID 7)
20/09/16 14:15:44 INFO Executor: Finished task 0.0 in stage 7.0 (TID 7). 1499 bytes result sent to driver
20/09/16 14:15:44 INFO TaskSetManager: Finished task 0.0 in stage 7.0 (TID 7) in 17 ms on localhost (executor driver) (1/1)
20/09/16 14:15:44 INFO TaskSchedulerImpl: Removed TaskSet 7.0, whose tasks have all completed, from pool 
20/09/16 14:15:44 INFO DAGScheduler: ShuffleMapStage 7 (count at utils.scala:114) finished in 0.041 s
20/09/16 14:15:44 INFO DAGScheduler: looking for newly runnable stages
20/09/16 14:15:44 INFO DAGScheduler: running: Set()
20/09/16 14:15:44 INFO DAGScheduler: waiting: Set(ResultStage 8)
20/09/16 14:15:44 INFO DAGScheduler: failed: Set()
20/09/16 14:15:44 INFO DAGScheduler: Submitting ResultStage 8 (MapPartitionsRDD[38] at count at utils.scala:114), which has no missing parents
20/09/16 14:15:44 INFO MemoryStore: Block broadcast_8 stored as values in memory (estimated size 7.3 KB, free 912.1 MB)
20/09/16 14:15:44 INFO MemoryStore: Block broadcast_8_piece0 stored as bytes in memory (estimated size 3.9 KB, free 912.1 MB)
20/09/16 14:15:44 INFO BlockManagerInfo: Added broadcast_8_piece0 in memory on localhost:52456 (size: 3.9 KB, free: 912.2 MB)
20/09/16 14:15:44 INFO SparkContext: Created broadcast 8 from broadcast at DAGScheduler.scala:1163
20/09/16 14:15:44 INFO DAGScheduler: Submitting 1 missing tasks from ResultStage 8 (MapPartitionsRDD[38] at count at utils.scala:114) (first 15 tasks are for partitions Vector(0))
20/09/16 14:15:44 INFO TaskSchedulerImpl: Adding task set 8.0 with 1 tasks
20/09/16 14:15:44 INFO TaskSetManager: Starting task 0.0 in stage 8.0 (TID 8, localhost, executor driver, partition 0, NODE_LOCAL, 7767 bytes)
20/09/16 14:15:44 INFO Executor: Running task 0.0 in stage 8.0 (TID 8)
20/09/16 14:15:44 INFO ShuffleBlockFetcherIterator: Getting 1 non-empty blocks including 1 local blocks and 0 remote blocks
20/09/16 14:15:44 INFO ShuffleBlockFetcherIterator: Started 0 remote fetches in 1 ms
20/09/16 14:15:44 INFO Executor: Finished task 0.0 in stage 8.0 (TID 8). 1825 bytes result sent to driver
20/09/16 14:15:44 INFO ContextCleaner: Cleaned accumulator 42
20/09/16 14:15:44 INFO ContextCleaner: Cleaned accumulator 108
20/09/16 14:15:44 INFO ContextCleaner: Cleaned accumulator 167
20/09/16 14:15:44 INFO ContextCleaner: Cleaned accumulator 141
20/09/16 14:15:44 INFO TaskSetManager: Finished task 0.0 in stage 8.0 (TID 8) in 37 ms on localhost (executor driver) (1/1)
20/09/16 14:15:44 INFO ContextCleaner: Cleaned accumulator 79
20/09/16 14:15:44 INFO ContextCleaner: Cleaned accumulator 117
20/09/16 14:15:44 INFO TaskSchedulerImpl: Removed TaskSet 8.0, whose tasks have all completed, from pool 
20/09/16 14:15:44 INFO ContextCleaner: Cleaned accumulator 231
20/09/16 14:15:44 INFO ContextCleaner: Cleaned accumulator 171
20/09/16 14:15:44 INFO ContextCleaner: Cleaned accumulator 62
20/09/16 14:15:44 INFO ContextCleaner: Cleaned accumulator 175
20/09/16 14:15:44 INFO ContextCleaner: Cleaned accumulator 81
20/09/16 14:15:44 INFO ContextCleaner: Cleaned accumulator 86
20/09/16 14:15:44 INFO ContextCleaner: Cleaned accumulator 177
20/09/16 14:15:44 INFO ContextCleaner: Cleaned accumulator 95
20/09/16 14:15:44 INFO ContextCleaner: Cleaned accumulator 130
20/09/16 14:15:44 INFO ContextCleaner: Cleaned accumulator 133
20/09/16 14:15:44 INFO ContextCleaner: Cleaned accumulator 191
20/09/16 14:15:44 INFO ContextCleaner: Cleaned accumulator 121
20/09/16 14:15:44 INFO DAGScheduler: ResultStage 8 (count at utils.scala:114) finished in 0.053 s
20/09/16 14:15:44 INFO ContextCleaner: Cleaned accumulator 215
20/09/16 14:15:44 INFO ContextCleaner: Cleaned accumulator 127
20/09/16 14:15:44 INFO ContextCleaner: Cleaned accumulator 164
20/09/16 14:15:44 INFO ContextCleaner: Cleaned accumulator 92
20/09/16 14:15:44 INFO ContextCleaner: Cleaned accumulator 216
20/09/16 14:15:44 INFO ContextCleaner: Cleaned accumulator 208
20/09/16 14:15:44 INFO ContextCleaner: Cleaned accumulator 237
20/09/16 14:15:44 INFO ContextCleaner: Cleaned accumulator 49
20/09/16 14:15:44 INFO ContextCleaner: Cleaned accumulator 48
20/09/16 14:15:44 INFO ContextCleaner: Cleaned accumulator 197
20/09/16 14:15:44 INFO ContextCleaner: Cleaned accumulator 44
20/09/16 14:15:44 INFO DAGScheduler: Job 4 finished: count at utils.scala:114, took 0.102210 s
20/09/16 14:15:44 INFO BlockManagerInfo: Removed broadcast_6_piece0 on localhost:52456 in memory (size: 4.2 KB, free: 912.2 MB)
20/09/16 14:15:44 INFO ContextCleaner: Cleaned accumulator 37
20/09/16 14:15:44 INFO ContextCleaner: Cleaned accumulator 45
20/09/16 14:15:44 INFO ContextCleaner: Cleaned accumulator 36
20/09/16 14:15:44 INFO ContextCleaner: Cleaned accumulator 204
20/09/16 14:15:44 INFO ContextCleaner: Cleaned accumulator 221
20/09/16 14:15:44 INFO ContextCleaner: Cleaned accumulator 93
20/09/16 14:15:44 INFO ContextCleaner: Cleaned accumulator 147
20/09/16 14:15:44 INFO ContextCleaner: Cleaned accumulator 234
20/09/16 14:15:44 INFO ContextCleaner: Cleaned accumulator 210
20/09/16 14:15:44 INFO ContextCleaner: Cleaned accumulator 136
20/09/16 14:15:44 INFO ContextCleaner: Cleaned accumulator 129
20/09/16 14:15:44 INFO ContextCleaner: Cleaned accumulator 94
20/09/16 14:15:44 INFO ContextCleaner: Cleaned accumulator 151
20/09/16 14:15:44 INFO ContextCleaner: Cleaned accumulator 182
20/09/16 14:15:44 INFO ContextCleaner: Cleaned accumulator 91
20/09/16 14:15:44 INFO BlockManagerInfo: Removed broadcast_2_piece0 on localhost:52456 in memory (size: 3.9 KB, free: 912.2 MB)
20/09/16 14:15:44 INFO ContextCleaner: Cleaned accumulator 50
20/09/16 14:15:44 INFO ContextCleaner: Cleaned accumulator 176
20/09/16 14:15:44 INFO ContextCleaner: Cleaned accumulator 63
20/09/16 14:15:44 INFO ContextCleaner: Cleaned accumulator 59
20/09/16 14:15:44 INFO ContextCleaner: Cleaned accumulator 114
20/09/16 14:15:44 INFO ContextCleaner: Cleaned accumulator 223
20/09/16 14:15:44 INFO ContextCleaner: Cleaned shuffle 0
20/09/16 14:15:44 INFO ContextCleaner: Cleaned accumulator 217
20/09/16 14:15:44 INFO BlockManagerInfo: Removed broadcast_1_piece0 on localhost:52456 in memory (size: 12.8 KB, free: 912.3 MB)
20/09/16 14:15:44 INFO ContextCleaner: Cleaned accumulator 52
20/09/16 14:15:44 INFO ContextCleaner: Cleaned accumulator 77
20/09/16 14:15:44 INFO ContextCleaner: Cleaned accumulator 41
20/09/16 14:15:44 INFO ContextCleaner: Cleaned accumulator 214
20/09/16 14:15:44 INFO ContextCleaner: Cleaned accumulator 54
20/09/16 14:15:44 INFO ContextCleaner: Cleaned accumulator 33
20/09/16 14:15:44 INFO BlockManagerInfo: Removed broadcast_4_piece0 on localhost:52456 in memory (size: 3.9 KB, free: 912.3 MB)
20/09/16 14:15:44 INFO ContextCleaner: Cleaned accumulator 203
20/09/16 14:15:44 INFO ContextCleaner: Cleaned accumulator 198
20/09/16 14:15:44 INFO ContextCleaner: Cleaned accumulator 150
20/09/16 14:15:44 INFO ContextCleaner: Cleaned accumulator 68
20/09/16 14:15:44 INFO ContextCleaner: Cleaned accumulator 139
20/09/16 14:15:44 INFO ContextCleaner: Cleaned accumulator 162
20/09/16 14:15:44 INFO ContextCleaner: Cleaned accumulator 193
20/09/16 14:15:44 INFO ContextCleaner: Cleaned accumulator 66
20/09/16 14:15:44 INFO ContextCleaner: Cleaned accumulator 148
20/09/16 14:15:44 INFO ContextCleaner: Cleaned accumulator 218
20/09/16 14:15:44 INFO ContextCleaner: Cleaned accumulator 230
20/09/16 14:15:44 INFO ContextCleaner: Cleaned accumulator 61
20/09/16 14:15:44 INFO ContextCleaner: Cleaned accumulator 143
20/09/16 14:15:44 INFO ContextCleaner: Cleaned accumulator 157
20/09/16 14:15:44 INFO ContextCleaner: Cleaned accumulator 69
20/09/16 14:15:44 INFO ContextCleaner: Cleaned accumulator 185
20/09/16 14:15:44 INFO ContextCleaner: Cleaned accumulator 199
20/09/16 14:15:44 INFO ContextCleaner: Cleaned accumulator 135
20/09/16 14:15:44 INFO ContextCleaner: Cleaned accumulator 154
20/09/16 14:15:44 INFO ContextCleaner: Cleaned accumulator 235
20/09/16 14:15:44 INFO BlockManagerInfo: Removed broadcast_5_piece0 on localhost:52456 in memory (size: 11.8 KB, free: 912.3 MB)
20/09/16 14:15:44 INFO ContextCleaner: Cleaned accumulator 173
20/09/16 14:15:44 INFO ContextCleaner: Cleaned accumulator 169
20/09/16 14:15:44 INFO ContextCleaner: Cleaned accumulator 116
20/09/16 14:15:44 INFO ContextCleaner: Cleaned accumulator 202
20/09/16 14:15:44 INFO ContextCleaner: Cleaned accumulator 74
20/09/16 14:15:44 INFO ContextCleaner: Cleaned accumulator 71
20/09/16 14:15:44 INFO ContextCleaner: Cleaned accumulator 168
20/09/16 14:15:44 INFO ContextCleaner: Cleaned accumulator 140
20/09/16 14:15:44 INFO ContextCleaner: Cleaned accumulator 31
20/09/16 14:15:44 INFO ContextCleaner: Cleaned accumulator 58
20/09/16 14:15:44 INFO ContextCleaner: Cleaned accumulator 80
20/09/16 14:15:44 INFO ContextCleaner: Cleaned accumulator 72
20/09/16 14:15:44 INFO ContextCleaner: Cleaned accumulator 99
20/09/16 14:15:44 INFO ContextCleaner: Cleaned accumulator 165
20/09/16 14:15:44 INFO ContextCleaner: Cleaned accumulator 192
20/09/16 14:15:44 INFO ContextCleaner: Cleaned accumulator 120
20/09/16 14:15:44 INFO ContextCleaner: Cleaned accumulator 142
20/09/16 14:15:44 INFO ContextCleaner: Cleaned accumulator 159
20/09/16 14:15:44 INFO ContextCleaner: Cleaned accumulator 27
20/09/16 14:15:44 INFO ContextCleaner: Cleaned accumulator 115
20/09/16 14:15:44 INFO ContextCleaner: Cleaned accumulator 57
20/09/16 14:15:44 INFO ContextCleaner: Cleaned accumulator 29
20/09/16 14:15:44 INFO ContextCleaner: Cleaned accumulator 219
20/09/16 14:15:44 INFO ContextCleaner: Cleaned accumulator 233
20/09/16 14:15:44 INFO ContextCleaner: Cleaned accumulator 32
20/09/16 14:15:44 INFO ContextCleaner: Cleaned accumulator 144
20/09/16 14:15:44 INFO ContextCleaner: Cleaned accumulator 228
20/09/16 14:15:44 INFO ContextCleaner: Cleaned accumulator 187
20/09/16 14:15:44 INFO ContextCleaner: Cleaned accumulator 112
20/09/16 14:15:44 INFO ContextCleaner: Cleaned accumulator 149
20/09/16 14:15:44 INFO ContextCleaner: Cleaned accumulator 39
20/09/16 14:15:44 INFO ContextCleaner: Cleaned accumulator 109
20/09/16 14:15:44 INFO ContextCleaner: Cleaned accumulator 118
20/09/16 14:15:44 INFO BlockManagerInfo: Removed broadcast_3_piece0 on localhost:52456 in memory (size: 12.8 KB, free: 912.3 MB)
20/09/16 14:15:44 INFO ContextCleaner: Cleaned accumulator 125
20/09/16 14:15:44 INFO ContextCleaner: Cleaned accumulator 188
20/09/16 14:15:44 INFO ContextCleaner: Cleaned accumulator 76
20/09/16 14:15:44 INFO ContextCleaner: Cleaned accumulator 190
20/09/16 14:15:44 INFO ContextCleaner: Cleaned accumulator 64
20/09/16 14:15:44 INFO ContextCleaner: Cleaned accumulator 180
20/09/16 14:15:44 INFO ContextCleaner: Cleaned accumulator 200
20/09/16 14:15:44 INFO ContextCleaner: Cleaned accumulator 60
20/09/16 14:15:44 INFO ContextCleaner: Cleaned accumulator 194
20/09/16 14:15:44 INFO ContextCleaner: Cleaned shuffle 2
20/09/16 14:15:44 INFO ContextCleaner: Cleaned accumulator 156
20/09/16 14:15:44 INFO ContextCleaner: Cleaned accumulator 123
20/09/16 14:15:44 INFO ContextCleaner: Cleaned accumulator 65
20/09/16 14:15:44 INFO ContextCleaner: Cleaned accumulator 153
20/09/16 14:15:44 INFO ContextCleaner: Cleaned accumulator 201
20/09/16 14:15:44 INFO ContextCleaner: Cleaned accumulator 178
20/09/16 14:15:44 INFO ContextCleaner: Cleaned accumulator 67
20/09/16 14:15:44 INFO ContextCleaner: Cleaned accumulator 183
20/09/16 14:15:44 INFO ContextCleaner: Cleaned accumulator 110
20/09/16 14:15:44 INFO ContextCleaner: Cleaned accumulator 113
20/09/16 14:15:44 INFO ContextCleaner: Cleaned accumulator 122
20/09/16 14:15:44 INFO ContextCleaner: Cleaned accumulator 161
20/09/16 14:15:44 INFO ContextCleaner: Cleaned accumulator 189
20/09/16 14:15:44 INFO ContextCleaner: Cleaned accumulator 82
20/09/16 14:15:44 INFO ContextCleaner: Cleaned accumulator 70
20/09/16 14:15:44 INFO ContextCleaner: Cleaned accumulator 119
20/09/16 14:15:44 INFO ContextCleaner: Cleaned accumulator 163
20/09/16 14:15:44 INFO ContextCleaner: Cleaned accumulator 196
20/09/16 14:15:44 INFO ContextCleaner: Cleaned accumulator 85
20/09/16 14:15:44 INFO ContextCleaner: Cleaned accumulator 184
20/09/16 14:15:44 INFO ContextCleaner: Cleaned accumulator 212
20/09/16 14:15:44 INFO ContextCleaner: Cleaned accumulator 46
20/09/16 14:15:44 INFO ContextCleaner: Cleaned accumulator 145
20/09/16 14:15:44 INFO ContextCleaner: Cleaned accumulator 34
20/09/16 14:15:44 INFO ContextCleaner: Cleaned accumulator 28
20/09/16 14:15:44 INFO ContextCleaner: Cleaned accumulator 124
20/09/16 14:15:44 INFO ContextCleaner: Cleaned accumulator 229
20/09/16 14:15:44 INFO ContextCleaner: Cleaned accumulator 35
20/09/16 14:15:44 INFO ContextCleaner: Cleaned accumulator 111
20/09/16 14:15:44 INFO ContextCleaner: Cleaned accumulator 152
20/09/16 14:15:44 INFO ContextCleaner: Cleaned accumulator 83
20/09/16 14:15:44 INFO ContextCleaner: Cleaned accumulator 107
20/09/16 14:15:44 INFO ContextCleaner: Cleaned accumulator 166
20/09/16 14:15:44 INFO ContextCleaner: Cleaned accumulator 104
20/09/16 14:15:44 INFO ContextCleaner: Cleaned accumulator 47
20/09/16 14:15:44 INFO ContextCleaner: Cleaned accumulator 102
20/09/16 14:15:44 INFO ContextCleaner: Cleaned accumulator 84
20/09/16 14:15:44 INFO ContextCleaner: Cleaned accumulator 53
20/09/16 14:15:44 INFO ContextCleaner: Cleaned accumulator 137
20/09/16 14:15:44 INFO ContextCleaner: Cleaned accumulator 138
20/09/16 14:15:44 INFO BlockManagerInfo: Removed broadcast_7_piece0 on localhost:52456 in memory (size: 4.3 KB, free: 912.3 MB)
20/09/16 14:15:44 INFO ContextCleaner: Cleaned accumulator 128
20/09/16 14:15:44 INFO ContextCleaner: Cleaned shuffle 1
20/09/16 14:15:44 INFO ContextCleaner: Cleaned accumulator 222
20/09/16 14:15:44 INFO ContextCleaner: Cleaned accumulator 75
20/09/16 14:15:44 INFO ContextCleaner: Cleaned accumulator 174
20/09/16 14:15:44 INFO ContextCleaner: Cleaned accumulator 55
20/09/16 14:15:44 INFO ContextCleaner: Cleaned accumulator 155
20/09/16 14:15:44 INFO ContextCleaner: Cleaned accumulator 134
20/09/16 14:15:44 INFO ContextCleaner: Cleaned accumulator 232
20/09/16 14:15:44 INFO ContextCleaner: Cleaned accumulator 78
20/09/16 14:15:44 INFO ContextCleaner: Cleaned accumulator 227
20/09/16 14:15:44 INFO ContextCleaner: Cleaned accumulator 96
20/09/16 14:15:44 INFO ContextCleaner: Cleaned accumulator 103
20/09/16 14:15:44 INFO ContextCleaner: Cleaned accumulator 97
20/09/16 14:15:44 INFO ContextCleaner: Cleaned accumulator 132
20/09/16 14:15:44 INFO ContextCleaner: Cleaned accumulator 209
20/09/16 14:15:44 INFO ContextCleaner: Cleaned accumulator 30
20/09/16 14:15:44 INFO ContextCleaner: Cleaned accumulator 89
20/09/16 14:15:44 INFO ContextCleaner: Cleaned accumulator 160
20/09/16 14:15:44 INFO ContextCleaner: Cleaned accumulator 181
20/09/16 14:15:44 INFO ContextCleaner: Cleaned accumulator 38
20/09/16 14:15:44 INFO ContextCleaner: Cleaned accumulator 51
20/09/16 14:15:44 INFO ContextCleaner: Cleaned accumulator 105
20/09/16 14:15:44 INFO ContextCleaner: Cleaned accumulator 101
20/09/16 14:15:44 INFO ContextCleaner: Cleaned accumulator 73
20/09/16 14:15:44 INFO ContextCleaner: Cleaned accumulator 146
20/09/16 14:15:44 INFO ContextCleaner: Cleaned accumulator 40
20/09/16 14:15:44 INFO ContextCleaner: Cleaned accumulator 106
20/09/16 14:15:44 INFO ContextCleaner: Cleaned accumulator 186
20/09/16 14:15:44 INFO ContextCleaner: Cleaned accumulator 158
20/09/16 14:15:44 INFO ContextCleaner: Cleaned accumulator 172
20/09/16 14:15:44 INFO ContextCleaner: Cleaned accumulator 211
20/09/16 14:15:44 INFO ContextCleaner: Cleaned accumulator 90
20/09/16 14:15:44 INFO ContextCleaner: Cleaned accumulator 207
20/09/16 14:15:44 INFO ContextCleaner: Cleaned accumulator 179
20/09/16 14:15:44 INFO ContextCleaner: Cleaned accumulator 87
20/09/16 14:15:44 INFO ContextCleaner: Cleaned accumulator 195
20/09/16 14:15:44 INFO ContextCleaner: Cleaned accumulator 126
20/09/16 14:15:44 INFO ContextCleaner: Cleaned accumulator 56
20/09/16 14:15:44 INFO ContextCleaner: Cleaned accumulator 100
20/09/16 14:15:44 INFO ContextCleaner: Cleaned accumulator 213
20/09/16 14:15:44 INFO ContextCleaner: Cleaned accumulator 225
20/09/16 14:15:44 INFO ContextCleaner: Cleaned accumulator 88
20/09/16 14:15:44 INFO ContextCleaner: Cleaned accumulator 98
20/09/16 14:15:44 INFO ContextCleaner: Cleaned accumulator 226
20/09/16 14:15:44 INFO ContextCleaner: Cleaned accumulator 170
20/09/16 14:15:44 INFO ContextCleaner: Cleaned accumulator 224
20/09/16 14:15:44 INFO ContextCleaner: Cleaned accumulator 205
20/09/16 14:15:44 INFO ContextCleaner: Cleaned accumulator 206
20/09/16 14:15:44 INFO ContextCleaner: Cleaned accumulator 131
20/09/16 14:15:44 INFO ContextCleaner: Cleaned accumulator 220
20/09/16 14:15:44 INFO HiveMetaStore: 0: get_database: default
20/09/16 14:15:44 INFO audit: ugi=davidwright	ip=unknown-ip-addr	cmd=get_database: default	
20/09/16 14:15:44 INFO HiveMetaStore: 0: get_database: default
20/09/16 14:15:44 INFO audit: ugi=davidwright	ip=unknown-ip-addr	cmd=get_database: default	
20/09/16 14:15:44 INFO HiveMetaStore: 0: get_tables: db=default pat=*
20/09/16 14:15:44 INFO audit: ugi=davidwright	ip=unknown-ip-addr	cmd=get_tables: db=default pat=*	
20/09/16 14:15:45 INFO SparkContext: Starting job: count at utils.scala:114
20/09/16 14:15:45 INFO DAGScheduler: Registering RDD 42 (count at utils.scala:114) as input to shuffle 4
20/09/16 14:15:45 INFO DAGScheduler: Got job 5 (count at utils.scala:114) with 1 output partitions
20/09/16 14:15:45 INFO DAGScheduler: Final stage: ResultStage 10 (count at utils.scala:114)
20/09/16 14:15:45 INFO DAGScheduler: Parents of final stage: List(ShuffleMapStage 9)
20/09/16 14:15:45 INFO DAGScheduler: Missing parents: List(ShuffleMapStage 9)
20/09/16 14:15:45 INFO DAGScheduler: Submitting ShuffleMapStage 9 (MapPartitionsRDD[42] at count at utils.scala:114), which has no missing parents
20/09/16 14:15:45 INFO MemoryStore: Block broadcast_9 stored as values in memory (estimated size 8.0 KB, free 912.3 MB)
20/09/16 14:15:45 INFO MemoryStore: Block broadcast_9_piece0 stored as bytes in memory (estimated size 4.3 KB, free 912.3 MB)
20/09/16 14:15:45 INFO BlockManagerInfo: Added broadcast_9_piece0 in memory on localhost:52456 (size: 4.3 KB, free: 912.3 MB)
20/09/16 14:15:45 INFO SparkContext: Created broadcast 9 from broadcast at DAGScheduler.scala:1163
20/09/16 14:15:45 INFO DAGScheduler: Submitting 1 missing tasks from ShuffleMapStage 9 (MapPartitionsRDD[42] at count at utils.scala:114) (first 15 tasks are for partitions Vector(0))
20/09/16 14:15:45 INFO TaskSchedulerImpl: Adding task set 9.0 with 1 tasks
20/09/16 14:15:45 INFO TaskSetManager: Starting task 0.0 in stage 9.0 (TID 9, localhost, executor driver, partition 0, PROCESS_LOCAL, 8017 bytes)
20/09/16 14:15:45 INFO Executor: Running task 0.0 in stage 9.0 (TID 9)
20/09/16 14:15:45 INFO Executor: Finished task 0.0 in stage 9.0 (TID 9). 1499 bytes result sent to driver
20/09/16 14:15:45 INFO TaskSetManager: Finished task 0.0 in stage 9.0 (TID 9) in 13 ms on localhost (executor driver) (1/1)
20/09/16 14:15:45 INFO TaskSchedulerImpl: Removed TaskSet 9.0, whose tasks have all completed, from pool 
20/09/16 14:15:45 INFO DAGScheduler: ShuffleMapStage 9 (count at utils.scala:114) finished in 0.027 s
20/09/16 14:15:45 INFO DAGScheduler: looking for newly runnable stages
20/09/16 14:15:45 INFO DAGScheduler: running: Set()
20/09/16 14:15:45 INFO DAGScheduler: waiting: Set(ResultStage 10)
20/09/16 14:15:45 INFO DAGScheduler: failed: Set()
20/09/16 14:15:45 INFO DAGScheduler: Submitting ResultStage 10 (MapPartitionsRDD[45] at count at utils.scala:114), which has no missing parents
20/09/16 14:15:45 INFO MemoryStore: Block broadcast_10 stored as values in memory (estimated size 7.3 KB, free 912.3 MB)
20/09/16 14:15:45 INFO MemoryStore: Block broadcast_10_piece0 stored as bytes in memory (estimated size 3.9 KB, free 912.3 MB)
20/09/16 14:15:45 INFO BlockManagerInfo: Added broadcast_10_piece0 in memory on localhost:52456 (size: 3.9 KB, free: 912.3 MB)
20/09/16 14:15:45 INFO SparkContext: Created broadcast 10 from broadcast at DAGScheduler.scala:1163
20/09/16 14:15:45 INFO DAGScheduler: Submitting 1 missing tasks from ResultStage 10 (MapPartitionsRDD[45] at count at utils.scala:114) (first 15 tasks are for partitions Vector(0))
20/09/16 14:15:45 INFO TaskSchedulerImpl: Adding task set 10.0 with 1 tasks
20/09/16 14:15:45 INFO TaskSetManager: Starting task 0.0 in stage 10.0 (TID 10, localhost, executor driver, partition 0, NODE_LOCAL, 7767 bytes)
20/09/16 14:15:45 INFO Executor: Running task 0.0 in stage 10.0 (TID 10)
20/09/16 14:15:45 INFO ShuffleBlockFetcherIterator: Getting 1 non-empty blocks including 1 local blocks and 0 remote blocks
20/09/16 14:15:45 INFO ShuffleBlockFetcherIterator: Started 0 remote fetches in 1 ms
20/09/16 14:15:45 INFO Executor: Finished task 0.0 in stage 10.0 (TID 10). 1782 bytes result sent to driver
20/09/16 14:15:45 INFO TaskSetManager: Finished task 0.0 in stage 10.0 (TID 10) in 11 ms on localhost (executor driver) (1/1)
20/09/16 14:15:45 INFO TaskSchedulerImpl: Removed TaskSet 10.0, whose tasks have all completed, from pool 
20/09/16 14:15:45 INFO DAGScheduler: ResultStage 10 (count at utils.scala:114) finished in 0.019 s
20/09/16 14:15:45 INFO DAGScheduler: Job 5 finished: count at utils.scala:114, took 0.058697 s
20/09/16 14:15:45 INFO HiveMetaStore: 0: get_database: default
20/09/16 14:15:45 INFO audit: ugi=davidwright	ip=unknown-ip-addr	cmd=get_database: default	
20/09/16 14:15:45 INFO HiveMetaStore: 0: get_database: default
20/09/16 14:15:45 INFO audit: ugi=davidwright	ip=unknown-ip-addr	cmd=get_database: default	
20/09/16 14:15:45 INFO HiveMetaStore: 0: get_tables: db=default pat=*
20/09/16 14:15:45 INFO audit: ugi=davidwright	ip=unknown-ip-addr	cmd=get_tables: db=default pat=*	
20/09/16 14:15:45 INFO SparkContext: Starting job: count at utils.scala:114
20/09/16 14:15:45 INFO DAGScheduler: Registering RDD 49 (count at utils.scala:114) as input to shuffle 5
20/09/16 14:15:45 INFO DAGScheduler: Got job 6 (count at utils.scala:114) with 1 output partitions
20/09/16 14:15:45 INFO DAGScheduler: Final stage: ResultStage 12 (count at utils.scala:114)
20/09/16 14:15:45 INFO DAGScheduler: Parents of final stage: List(ShuffleMapStage 11)
20/09/16 14:15:45 INFO DAGScheduler: Missing parents: List(ShuffleMapStage 11)
20/09/16 14:15:45 INFO DAGScheduler: Submitting ShuffleMapStage 11 (MapPartitionsRDD[49] at count at utils.scala:114), which has no missing parents
20/09/16 14:15:45 INFO MemoryStore: Block broadcast_11 stored as values in memory (estimated size 8.0 KB, free 912.2 MB)
20/09/16 14:15:45 INFO MemoryStore: Block broadcast_11_piece0 stored as bytes in memory (estimated size 4.3 KB, free 912.2 MB)
20/09/16 14:15:45 INFO BlockManagerInfo: Added broadcast_11_piece0 in memory on localhost:52456 (size: 4.3 KB, free: 912.3 MB)
20/09/16 14:15:45 INFO SparkContext: Created broadcast 11 from broadcast at DAGScheduler.scala:1163
20/09/16 14:15:45 INFO DAGScheduler: Submitting 1 missing tasks from ShuffleMapStage 11 (MapPartitionsRDD[49] at count at utils.scala:114) (first 15 tasks are for partitions Vector(0))
20/09/16 14:15:45 INFO TaskSchedulerImpl: Adding task set 11.0 with 1 tasks
20/09/16 14:15:45 INFO TaskSetManager: Starting task 0.0 in stage 11.0 (TID 11, localhost, executor driver, partition 0, PROCESS_LOCAL, 8017 bytes)
20/09/16 14:15:45 INFO Executor: Running task 0.0 in stage 11.0 (TID 11)
20/09/16 14:15:45 INFO Executor: Finished task 0.0 in stage 11.0 (TID 11). 1499 bytes result sent to driver
20/09/16 14:15:45 INFO TaskSetManager: Finished task 0.0 in stage 11.0 (TID 11) in 17 ms on localhost (executor driver) (1/1)
20/09/16 14:15:45 INFO TaskSchedulerImpl: Removed TaskSet 11.0, whose tasks have all completed, from pool 
20/09/16 14:15:45 INFO DAGScheduler: ShuffleMapStage 11 (count at utils.scala:114) finished in 0.031 s
20/09/16 14:15:45 INFO DAGScheduler: looking for newly runnable stages
20/09/16 14:15:45 INFO DAGScheduler: running: Set()
20/09/16 14:15:45 INFO DAGScheduler: waiting: Set(ResultStage 12)
20/09/16 14:15:45 INFO DAGScheduler: failed: Set()
20/09/16 14:15:45 INFO DAGScheduler: Submitting ResultStage 12 (MapPartitionsRDD[52] at count at utils.scala:114), which has no missing parents
20/09/16 14:15:45 INFO MemoryStore: Block broadcast_12 stored as values in memory (estimated size 7.3 KB, free 912.2 MB)
20/09/16 14:15:45 INFO MemoryStore: Block broadcast_12_piece0 stored as bytes in memory (estimated size 3.9 KB, free 912.2 MB)
20/09/16 14:15:45 INFO BlockManagerInfo: Added broadcast_12_piece0 in memory on localhost:52456 (size: 3.9 KB, free: 912.3 MB)
20/09/16 14:15:45 INFO SparkContext: Created broadcast 12 from broadcast at DAGScheduler.scala:1163
20/09/16 14:15:45 INFO DAGScheduler: Submitting 1 missing tasks from ResultStage 12 (MapPartitionsRDD[52] at count at utils.scala:114) (first 15 tasks are for partitions Vector(0))
20/09/16 14:15:45 INFO TaskSchedulerImpl: Adding task set 12.0 with 1 tasks
20/09/16 14:15:45 INFO TaskSetManager: Starting task 0.0 in stage 12.0 (TID 12, localhost, executor driver, partition 0, NODE_LOCAL, 7767 bytes)
20/09/16 14:15:45 INFO Executor: Running task 0.0 in stage 12.0 (TID 12)
20/09/16 14:15:45 INFO ShuffleBlockFetcherIterator: Getting 1 non-empty blocks including 1 local blocks and 0 remote blocks
20/09/16 14:15:45 INFO ShuffleBlockFetcherIterator: Started 0 remote fetches in 1 ms
20/09/16 14:15:45 INFO Executor: Finished task 0.0 in stage 12.0 (TID 12). 1782 bytes result sent to driver
20/09/16 14:15:45 INFO TaskSetManager: Finished task 0.0 in stage 12.0 (TID 12) in 13 ms on localhost (executor driver) (1/1)
20/09/16 14:15:45 INFO TaskSchedulerImpl: Removed TaskSet 12.0, whose tasks have all completed, from pool 
20/09/16 14:15:45 INFO DAGScheduler: ResultStage 12 (count at utils.scala:114) finished in 0.025 s
20/09/16 14:15:45 INFO DAGScheduler: Job 6 finished: count at utils.scala:114, took 0.069144 s
20/09/16 14:16:02 INFO HiveMetaStore: 0: get_database: default
20/09/16 14:16:02 INFO audit: ugi=davidwright	ip=unknown-ip-addr	cmd=get_database: default	
20/09/16 14:16:02 INFO HiveMetaStore: 0: get_database: default
20/09/16 14:16:02 INFO audit: ugi=davidwright	ip=unknown-ip-addr	cmd=get_database: default	
20/09/16 14:16:02 INFO HiveMetaStore: 0: get_tables: db=default pat=*
20/09/16 14:16:02 INFO audit: ugi=davidwright	ip=unknown-ip-addr	cmd=get_tables: db=default pat=*	
20/09/16 14:16:02 INFO CodeGenerator: Code generated in 19.128816 ms
20/09/16 14:16:02 INFO SparkContext: Starting job: collect at utils.scala:44
20/09/16 14:16:02 INFO DAGScheduler: Got job 7 (collect at utils.scala:44) with 1 output partitions
20/09/16 14:16:02 INFO DAGScheduler: Final stage: ResultStage 13 (collect at utils.scala:44)
20/09/16 14:16:02 INFO DAGScheduler: Parents of final stage: List()
20/09/16 14:16:02 INFO DAGScheduler: Missing parents: List()
20/09/16 14:16:02 INFO DAGScheduler: Submitting ResultStage 13 (MapPartitionsRDD[58] at map at utils.scala:41), which has no missing parents
20/09/16 14:16:02 INFO MemoryStore: Block broadcast_13 stored as values in memory (estimated size 7.1 KB, free 912.2 MB)
20/09/16 14:16:02 INFO MemoryStore: Block broadcast_13_piece0 stored as bytes in memory (estimated size 4.1 KB, free 912.2 MB)
20/09/16 14:16:02 INFO BlockManagerInfo: Added broadcast_13_piece0 in memory on localhost:52456 (size: 4.1 KB, free: 912.3 MB)
20/09/16 14:16:02 INFO SparkContext: Created broadcast 13 from broadcast at DAGScheduler.scala:1163
20/09/16 14:16:02 INFO DAGScheduler: Submitting 1 missing tasks from ResultStage 13 (MapPartitionsRDD[58] at map at utils.scala:41) (first 15 tasks are for partitions Vector(0))
20/09/16 14:16:02 INFO TaskSchedulerImpl: Adding task set 13.0 with 1 tasks
20/09/16 14:16:02 INFO TaskSetManager: Starting task 0.0 in stage 13.0 (TID 13, localhost, executor driver, partition 0, PROCESS_LOCAL, 8052 bytes)
20/09/16 14:16:02 INFO Executor: Running task 0.0 in stage 13.0 (TID 13)
20/09/16 14:16:02 INFO Executor: Finished task 0.0 in stage 13.0 (TID 13). 979 bytes result sent to driver
20/09/16 14:16:02 INFO TaskSetManager: Finished task 0.0 in stage 13.0 (TID 13) in 11 ms on localhost (executor driver) (1/1)
20/09/16 14:16:02 INFO TaskSchedulerImpl: Removed TaskSet 13.0, whose tasks have all completed, from pool 
20/09/16 14:16:02 INFO DAGScheduler: ResultStage 13 (collect at utils.scala:44) finished in 0.031 s
20/09/16 14:16:02 INFO DAGScheduler: Job 7 finished: collect at utils.scala:44, took 0.034738 s
20/09/16 14:26:59 INFO HiveMetaStore: 0: get_database: default
20/09/16 14:26:59 INFO audit: ugi=davidwright	ip=unknown-ip-addr	cmd=get_database: default	
20/09/16 14:26:59 INFO HiveMetaStore: 0: get_database: default
20/09/16 14:26:59 INFO audit: ugi=davidwright	ip=unknown-ip-addr	cmd=get_database: default	
20/09/16 14:26:59 INFO HiveMetaStore: 0: get_tables: db=default pat=*
20/09/16 14:26:59 INFO audit: ugi=davidwright	ip=unknown-ip-addr	cmd=get_tables: db=default pat=*	
20/09/16 14:27:00 INFO SparkContext: Starting job: collect at utils.scala:44
20/09/16 14:27:00 INFO DAGScheduler: Got job 8 (collect at utils.scala:44) with 1 output partitions
20/09/16 14:27:00 INFO DAGScheduler: Final stage: ResultStage 14 (collect at utils.scala:44)
20/09/16 14:27:00 INFO DAGScheduler: Parents of final stage: List()
20/09/16 14:27:00 INFO DAGScheduler: Missing parents: List()
20/09/16 14:27:00 INFO DAGScheduler: Submitting ResultStage 14 (MapPartitionsRDD[64] at map at utils.scala:41), which has no missing parents
20/09/16 14:27:00 INFO MemoryStore: Block broadcast_14 stored as values in memory (estimated size 7.1 KB, free 912.2 MB)
20/09/16 14:27:00 INFO MemoryStore: Block broadcast_14_piece0 stored as bytes in memory (estimated size 4.1 KB, free 912.2 MB)
20/09/16 14:27:00 INFO BlockManagerInfo: Added broadcast_14_piece0 in memory on localhost:52456 (size: 4.1 KB, free: 912.3 MB)
20/09/16 14:27:00 INFO SparkContext: Created broadcast 14 from broadcast at DAGScheduler.scala:1163
20/09/16 14:27:00 INFO DAGScheduler: Submitting 1 missing tasks from ResultStage 14 (MapPartitionsRDD[64] at map at utils.scala:41) (first 15 tasks are for partitions Vector(0))
20/09/16 14:27:00 INFO TaskSchedulerImpl: Adding task set 14.0 with 1 tasks
20/09/16 14:27:00 INFO TaskSetManager: Starting task 0.0 in stage 14.0 (TID 14, localhost, executor driver, partition 0, PROCESS_LOCAL, 8052 bytes)
20/09/16 14:27:00 INFO Executor: Running task 0.0 in stage 14.0 (TID 14)
20/09/16 14:27:00 INFO Executor: Finished task 0.0 in stage 14.0 (TID 14). 979 bytes result sent to driver
20/09/16 14:27:00 INFO TaskSetManager: Finished task 0.0 in stage 14.0 (TID 14) in 35 ms on localhost (executor driver) (1/1)
20/09/16 14:27:00 INFO TaskSchedulerImpl: Removed TaskSet 14.0, whose tasks have all completed, from pool 
20/09/16 14:27:00 INFO DAGScheduler: ResultStage 14 (collect at utils.scala:44) finished in 0.079 s
20/09/16 14:27:00 INFO DAGScheduler: Job 8 finished: collect at utils.scala:44, took 0.100015 s
20/09/16 14:29:48 INFO SparkContext: Invoking stop() from shutdown hook
20/09/16 14:29:48 INFO SparkUI: Stopped Spark web UI at http://localhost:4040
20/09/16 14:29:48 INFO MapOutputTrackerMasterEndpoint: MapOutputTrackerMasterEndpoint stopped!
20/09/16 14:29:48 INFO MemoryStore: MemoryStore cleared
20/09/16 14:29:48 INFO BlockManager: BlockManager stopped
20/09/16 14:29:48 INFO BlockManagerMaster: BlockManagerMaster stopped
20/09/16 14:29:48 INFO OutputCommitCoordinator$OutputCommitCoordinatorEndpoint: OutputCommitCoordinator stopped!
20/09/16 14:29:48 INFO SparkContext: Successfully stopped SparkContext
20/09/16 14:29:48 INFO ShutdownHookManager: Shutdown hook called
20/09/16 14:29:48 INFO ShutdownHookManager: Deleting directory /private/var/folders/5c/t_ytyd8d7c3_k4fywwmjzdgh0000gn/T/spark-09534876-5e5a-4dca-bdab-434ef535fd65
20/09/16 14:29:48 INFO ShutdownHookManager: Deleting directory /private/var/folders/5c/t_ytyd8d7c3_k4fywwmjzdgh0000gn/T/spark-9afe465a-a3b2-4346-9ea6-f0d7b13450d4
